********************************************************************************
DUPLICATOR-LITE PACKAGE-LOG: 2017-02-24 17:14:15
NOTICE: Do NOT post to public sites or forums 
********************************************************************************
VERSION:	1.1.32
WORDPRESS:	4.7.2
PHP INFO:	7.0.0 | SAPI: apache2handler
SERVER:		Apache/2.2.29 (Unix) mod_wsgi/3.5 Python/2.7.10 PHP/7.0.0 mod_ssl/2.2.29 OpenSSL/0.9.8zg DAV/2 mod_fastcgi/2.4.6 mod_perl/2.0.9 Perl/v5.22.0 
PHP TIME LIMIT: (0) no time limit imposed 
PHP MAX MEMORY: 2048M (128M default) 
MEMORY STACK: 14MB 

********************************************************************************
DATABASE:
********************************************************************************
BUILD MODE:   PHP(query limit - 100)
MYSQLTIMEOUT: 5000
MYSQLDUMP:    Not Supported 
TABLES: total:13 | filtered:0 | create:13 
FILTERED: [] 
SQL CREATED: albeaver224_58b069c3c35d28908170224171339_database.sql 
SQL FILE SIZE: 726.8KB (744240) 
SQL FILE TIME: 2017-02-24 17:14:15 
SQL RUNTIME: 0.10 sec. 

******************************************************************************** 
ARCHIVE (ZIP): 
******************************************************************************** 
ARCHIVE DIR:  /Users/dashowes/Desktop/wordpress2 
ARCHIVE FILE: albeaver224_58b069c3c35d28908170224171339_archive.zip 
FILTERS: *OFF* 
DIRS: not set 
EXTS:  not set 
---------------------------------------- 
COMPRESSING 
SIZE:	25.7MB 
STATS:	Dirs 177 | Files 1,670 
SQL ADDED: albeaver224_58b069c3c35d28908170224171339_database.sql 
ZipArchive Object
(
    [status] => 0
    [statusSys] => 0
    [numFiles] => 1847
    [filename] => /Users/dashowes/Desktop/wordpress2/wp-snapshots/tmp/albeaver224_58b069c3c35d28908170224171339_archive.zip
    [comment] => 
)
 
COMPRESSION RESULT: '1' 
COMPRESSED SIZE: 10.74MB 
ARCHIVE RUNTIME: 5.94 sec. 
MEMORY STACK: 16MB 

******************************************************************************** 
MAKE INSTALLER: 
******************************************************************************** 
Build Start 
Build Finished 
Preping for use 
Template parsed with new data 
Complete [/Users/dashowes/Desktop/wordpress2/wp-snapshots/tmp/albeaver224_58b069c3c35d28908170224171339_installer.php] 
Added to archive 

******************************************************************************** 
INTEGRITY CHECKS: 
******************************************************************************** 
SQL File: 726.8KB 
Installer File: 382.97KB 
Archive File: 10.74MB  

********************************************************************************
RECORD ID:[1]
TOTAL PROCESS RUNTIME: 6.48 sec.
PEAK PHP MEMORY USED: 18MB
DONE PROCESSING => albeaver224 2017-02-24 17:14:22
 
